<?xml version="1.0" encoding="UTF-8"?>
<testsuite xmlns:xsi="http://www.w3.org/2001/XMLSchema-instance" xsi:noNamespaceSchemaLocation="https://maven.apache.org/surefire/maven-surefire-plugin/xsd/surefire-test-report-3.0.xsd" version="3.0" name="me.bechberger.femtolz4.IssueRegressionTest" time="0.22" tests="12" errors="0" skipped="0" failures="0">
  <properties>
[...]
</properties>
  <testcase name="issue83_nativeCompressDecompressNoLeak" classname="me.bechberger.femtolz4.IssueRegressionTest" time="0.182"/>
  <testcase name="emptyStreamThrowsLZ4Exception" classname="me.bechberger.femtolz4.IssueRegressionTest" time="0.002"/>
  <testcase name="outputOverflowThrows" classname="me.bechberger.femtolz4.IssueRegressionTest" time="0.002"/>
  <testcase name="issue45_availableAfterPartialRead" classname="me.bechberger.femtolz4.IssueRegressionTest" time="0.002"/>
  <testcase name="doubleCloseOutputStream" classname="me.bechberger.femtolz4.IssueRegressionTest" time="0.001"/>
  <testcase name="emptyFrameRoundTrip" classname="me.bechberger.femtolz4.IssueRegressionTest" time="0.001"/>
  <testcase name="badMagicThrowsLZ4Exception" classname="me.bechberger.femtolz4.IssueRegressionTest" time="0.001"/>
  <testcase name="zeroMatchOffsetThrows" classname="me.bechberger.femtolz4.IssueRegressionTest" time="0.0"/>
  <testcase name="singleByteWritesBulkRead" classname="me.bechberger.femtolz4.IssueRegressionTest" time="0.012"/>
  <testcase name="issue39_45_availableOnFreshStream" classname="me.bechberger.femtolz4.IssueRegressionTest" time="0.001"/>
  <testcase name="concatenatedFrames" classname="me.bechberger.femtolz4.IssueRegressionTest" time="0.0"/>
  <testcase name="issue30_javaAndNativeProduceSameDecompressibleOutput" classname="me.bechberger.femtolz4.IssueRegressionTest" time="0.003"/>
</testsuite>