<?xml version="1.0" encoding="UTF-8"?>
<testsuite xmlns:xsi="http://www.w3.org/2001/XMLSchema-instance" xsi:noNamespaceSchemaLocation="https://maven.apache.org/surefire/maven-surefire-plugin/xsd/surefire-test-report-3.0.xsd" version="3.0" name="me.bechberger.femtolz4.LZ4Test" time="0.449" tests="43" errors="0" skipped="0" failures="0">
  <properties>
[...]
</properties>
  <testcase name="variousSizes(int)[1]" classname="me.bechberger.femtolz4.LZ4Test" time="0.014"/>
  <testcase name="variousSizes(int)[2]" classname="me.bechberger.femtolz4.LZ4Test" time="0.0"/>
  <testcase name="variousSizes(int)[3]" classname="me.bechberger.femtolz4.LZ4Test" time="0.001"/>
  <testcase name="variousSizes(int)[4]" classname="me.bechberger.femtolz4.LZ4Test" time="0.0"/>
  <testcase name="variousSizes(int)[5]" classname="me.bechberger.femtolz4.LZ4Test" time="0.0"/>
  <testcase name="variousSizes(int)[6]" classname="me.bechberger.femtolz4.LZ4Test" time="0.001"/>
  <testcase name="variousSizes(int)[7]" classname="me.bechberger.femtolz4.LZ4Test" time="0.0"/>
  <testcase name="variousSizes(int)[8]" classname="me.bechberger.femtolz4.LZ4Test" time="0.0"/>
  <testcase name="variousSizes(int)[9]" classname="me.bechberger.femtolz4.LZ4Test" time="0.002"/>
  <testcase name="variousSizes(int)[10]" classname="me.bechberger.femtolz4.LZ4Test" time="0.002"/>
  <testcase name="variousSizes(int)[11]" classname="me.bechberger.femtolz4.LZ4Test" time="0.002"/>
  <testcase name="frameHeaderIsBySystemLz4Compatible" classname="me.bechberger.femtolz4.LZ4Test" time="0.001"/>
  <testcase name="frameRoundTripEmpty" classname="me.bechberger.femtolz4.LZ4Test" time="0.001"/>
  <testcase name="longMatchSpanningWindow" classname="me.bechberger.femtolz4.LZ4Test" time="0.003"/>
  <testcase name="frameConcatenatedFrames" classname="me.bechberger.femtolz4.LZ4Test" time="0.0"/>
  <testcase name="maxCompressedLengthIsCorrect" classname="me.bechberger.femtolz4.LZ4Test" time="0.021"/>
  <testcase name="frameEndsWithEndMark" classname="me.bechberger.femtolz4.LZ4Test" time="0.001"/>
  <testcase name="frameMagicMismatchThrows" classname="me.bechberger.femtolz4.LZ4Test" time="0.001"/>
  <testcase name="frameRoundTripAllBlockSizes(int)[1]" classname="me.bechberger.femtolz4.LZ4Test" time="0.004"/>
  <testcase name="frameRoundTripAllBlockSizes(int)[2]" classname="me.bechberger.femtolz4.LZ4Test" time="0.015"/>
  <testcase name="frameRoundTripAllBlockSizes(int)[3]" classname="me.bechberger.femtolz4.LZ4Test" time="0.045"/>
  <testcase name="frameRoundTripAllBlockSizes(int)[4]" classname="me.bechberger.femtolz4.LZ4Test" time="0.18"/>
  <testcase name="singleByteRoundTrip" classname="me.bechberger.femtolz4.LZ4Test" time="0.001"/>
  <testcase name="frameEmptyStreamThrows" classname="me.bechberger.femtolz4.LZ4Test" time="0.0"/>
  <testcase name="asciiText" classname="me.bechberger.femtolz4.LZ4Test" time="0.001"/>
  <testcase name="decompressZeroOffsetThrows" classname="me.bechberger.femtolz4.LZ4Test" time="0.0"/>
  <testcase name="repeatingPattern" classname="me.bechberger.femtolz4.LZ4Test" time="0.001"/>
  <testcase name="multipleChainDepths(int)[1]" classname="me.bechberger.femtolz4.LZ4Test" time="0.0"/>
  <testcase name="multipleChainDepths(int)[2]" classname="me.bechberger.femtolz4.LZ4Test" time="0.001"/>
  <testcase name="multipleChainDepths(int)[3]" classname="me.bechberger.femtolz4.LZ4Test" time="0.0"/>
  <testcase name="multipleChainDepths(int)[4]" classname="me.bechberger.femtolz4.LZ4Test" time="0.001"/>
  <testcase name="multipleChainDepths(int)[5]" classname="me.bechberger.femtolz4.LZ4Test" time="0.001"/>
  <testcase name="frameOutputStreamClosedTwiceIsHarmless" classname="me.bechberger.femtolz4.LZ4Test" time="0.0"/>
  <testcase name="frameReadByteAtATime" classname="me.bechberger.femtolz4.LZ4Test" time="0.001"/>
  <testcase name="frameExactlyOneBlock" classname="me.bechberger.femtolz4.LZ4Test" time="0.03"/>
  <testcase name="frameWriteByteAtATime" classname="me.bechberger.femtolz4.LZ4Test" time="0.0"/>
  <testcase name="randomIncompressible" classname="me.bechberger.femtolz4.LZ4Test" time="0.002"/>
  <testcase name="frameLargeCompressibleData" classname="me.bechberger.femtolz4.LZ4Test" time="0.012"/>
  <testcase name="frameRoundTripSimple" classname="me.bechberger.femtolz4.LZ4Test" time="0.0"/>
  <testcase name="allZerosHighlyCompressible" classname="me.bechberger.femtolz4.LZ4Test" time="0.0"/>
  <testcase name="frameMultipleBlocks" classname="me.bechberger.femtolz4.LZ4Test" time="0.069"/>
  <testcase name="emptyRoundTrip" classname="me.bechberger.femtolz4.LZ4Test" time="0.0"/>
  <testcase name="decompressOutputOverflowThrows" classname="me.bechberger.femtolz4.LZ4Test" time="0.001"/>
</testsuite>